<?xml version="1.0" encoding="UTF-8"?>
<!-- Generated by org.testng.reporters.JUnitXMLReporter -->
<testsuite ignored="1" hostname="DELL-PC" failures="0" tests="1" name="Default test" time="52.629" errors="0" timestamp="2023-01-10T17:11:45 IST">
  <testcase classname="swaglab_TestScripts.Additems_test" name="printElements" time="1.062"/>
  <testcase classname="swaglab_TestScripts.Additems_test" name="additems" time="0.0">
    <ignored/>
  </testcase> <!-- additems -->
</testsuite> <!-- Default test -->
